Flow report for pong_vga
Thu Jun 08 15:47:20 2023
Quartus Prime Version 20.1.1 Build 720 11/11/2020 SJ Lite Edition


---------------------
; Table of Contents ;
---------------------
  1. Legal Notice
  2. Flow Summary
  3. Flow Settings
  4. Flow Non-Default Global Settings
  5. Flow Elapsed Time
  6. Flow OS Summary
  7. Flow Log
  8. Flow Messages
  9. Flow Suppressed Messages



----------------
; Legal Notice ;
----------------
Copyright (C) 2020  Intel Corporation. All rights reserved.
Your use of Intel Corporation's design tools, logic functions 
and other software and tools, and any partner logic 
functions, and any output files from any of the foregoing 
(including device programming or simulation files), and any 
associated documentation or information are expressly subject 
to the terms and conditions of the Intel Program License 
Subscription Agreement, the Intel Quartus Prime License Agreement,
the Intel FPGA IP License Agreement, or other applicable license
agreement, including, without limitation, that your use is for
the sole purpose of programming logic devices manufactured by
Intel and sold by Intel or its authorized distributors.  Please
refer to the applicable agreement for further details, at
https://fpgasoftware.intel.com/eula.



+----------------------------------------------------------------------------------+
; Flow Summary                                                                     ;
+------------------------------------+---------------------------------------------+
; Flow Status                        ; Successful - Thu Jun 08 15:47:20 2023       ;
; Quartus Prime Version              ; 20.1.1 Build 720 11/11/2020 SJ Lite Edition ;
; Revision Name                      ; pong_vga                                    ;
; Top-level Entity Name              ; pong_vga                                    ;
; Family                             ; MAX 10                                      ;
; Device                             ; 10M50DAF484C7G                              ;
; Timing Models                      ; Final                                       ;
; Total logic elements               ; 1,719 / 49,760 ( 3 % )                      ;
;     Total combinational functions  ; 1,677 / 49,760 ( 3 % )                      ;
;     Dedicated logic registers      ; 393 / 49,760 ( < 1 % )                      ;
; Total registers                    ; 393                                         ;
; Total pins                         ; 37 / 360 ( 10 % )                           ;
; Total virtual pins                 ; 0                                           ;
; Total memory bits                  ; 768 / 1,677,312 ( < 1 % )                   ;
; Embedded Multiplier 9-bit elements ; 0 / 288 ( 0 % )                             ;
; Total PLLs                         ; 1 / 4 ( 25 % )                              ;
; UFM blocks                         ; 0 / 1 ( 0 % )                               ;
; ADC blocks                         ; 1 / 2 ( 50 % )                              ;
+------------------------------------+---------------------------------------------+


+-----------------------------------------+
; Flow Settings                           ;
+-------------------+---------------------+
; Option            ; Setting             ;
+-------------------+---------------------+
; Start date & time ; 06/08/2023 15:46:32 ;
; Main task         ; Compilation         ;
; Revision Name     ; pong_vga            ;
+-------------------+---------------------+


+-------------------------------------------------------------------------------------------------------------------------------------------------------------------+
; Flow Non-Default Global Settings                                                                                                                                  ;
+-------------------------------------+-----------------------------------------------------------+---------------+-------------+-----------------------------------+
; Assignment Name                     ; Value                                                     ; Default Value ; Entity Name ; Section Id                        ;
+-------------------------------------+-----------------------------------------------------------+---------------+-------------+-----------------------------------+
; COMPILER_SIGNATURE_ID               ; 93328262990646.168623199214096                            ; --            ; --          ; --                                ;
; EDA_GENERATE_FUNCTIONAL_NETLIST     ; Off                                                       ; --            ; --          ; eda_board_design_timing           ;
; EDA_GENERATE_FUNCTIONAL_NETLIST     ; Off                                                       ; --            ; --          ; eda_board_design_boundary_scan    ;
; EDA_GENERATE_FUNCTIONAL_NETLIST     ; Off                                                       ; --            ; --          ; eda_board_design_signal_integrity ;
; EDA_GENERATE_FUNCTIONAL_NETLIST     ; Off                                                       ; --            ; --          ; eda_board_design_symbol           ;
; EDA_OUTPUT_DATA_FORMAT              ; Vhdl                                                      ; --            ; --          ; eda_simulation                    ;
; EDA_SIMULATION_TOOL                 ; ModelSim (VHDL)                                           ; <None>        ; --          ; --                                ;
; EDA_TIME_SCALE                      ; 1 ps                                                      ; --            ; --          ; eda_simulation                    ;
; MAX_CORE_JUNCTION_TEMP              ; 85                                                        ; --            ; --          ; --                                ;
; MIN_CORE_JUNCTION_TEMP              ; 0                                                         ; --            ; --          ; --                                ;
; MISC_FILE                           ; pll0.cmp                                                  ; --            ; --          ; --                                ;
; MISC_FILE                           ; pll0.ppf                                                  ; --            ; --          ; --                                ;
; MISC_FILE                           ; unnamed/synthesis/../unnamed.cmp                          ; --            ; --          ; --                                ;
; MISC_FILE                           ; unnamed/synthesis/../../unnamed.qsys                      ; --            ; --          ; --                                ;
; PARTITION_COLOR                     ; -- (Not supported for targeted family)                    ; --            ; --          ; Top                               ;
; PARTITION_FITTER_PRESERVATION_LEVEL ; -- (Not supported for targeted family)                    ; --            ; --          ; Top                               ;
; PARTITION_NETLIST_TYPE              ; -- (Not supported for targeted family)                    ; --            ; --          ; Top                               ;
; PROJECT_OUTPUT_DIRECTORY            ; output_files                                              ; --            ; --          ; --                                ;
; SLD_FILE                            ; unnamed/synthesis/unnamed.debuginfo                       ; --            ; --          ; --                                ;
; SLD_INFO                            ; QSYS_NAME unnamed HAS_SOPCINFO 1 GENERATION_ID 1686231260 ; --            ; unnamed     ; --                                ;
; SOPCINFO_FILE                       ; unnamed/synthesis/../../unnamed.sopcinfo                  ; --            ; --          ; --                                ;
; SYNTHESIS_ONLY_QIP                  ; On                                                        ; --            ; --          ; --                                ;
+-------------------------------------+-----------------------------------------------------------+---------------+-------------+-----------------------------------+


+--------------------------------------------------------------------------------------------------------------------------+
; Flow Elapsed Time                                                                                                        ;
+----------------------+--------------+-------------------------+---------------------+------------------------------------+
; Module Name          ; Elapsed Time ; Average Processors Used ; Peak Virtual Memory ; Total CPU Time (on all processors) ;
+----------------------+--------------+-------------------------+---------------------+------------------------------------+
; Analysis & Synthesis ; 00:00:14     ; 1.0                     ; 4825 MB             ; 00:00:25                           ;
; Fitter               ; 00:00:20     ; 1.2                     ; 5673 MB             ; 00:00:33                           ;
; Assembler            ; 00:00:03     ; 1.0                     ; 4693 MB             ; 00:00:03                           ;
; Timing Analyzer      ; 00:00:04     ; 1.6                     ; 4839 MB             ; 00:00:05                           ;
; EDA Netlist Writer   ; 00:00:01     ; 1.0                     ; 4662 MB             ; 00:00:01                           ;
; Total                ; 00:00:42     ; --                      ; --                  ; 00:01:07                           ;
+----------------------+--------------+-------------------------+---------------------+------------------------------------+


+------------------------------------------------------------------------------------+
; Flow OS Summary                                                                    ;
+----------------------+------------------+------------+------------+----------------+
; Module Name          ; Machine Hostname ; OS Name    ; OS Version ; Processor type ;
+----------------------+------------------+------------+------------+----------------+
; Analysis & Synthesis ; DESKTOP-5JR7JCQ  ; Windows 10 ; 10.0       ; x86_64         ;
; Fitter               ; DESKTOP-5JR7JCQ  ; Windows 10 ; 10.0       ; x86_64         ;
; Assembler            ; DESKTOP-5JR7JCQ  ; Windows 10 ; 10.0       ; x86_64         ;
; Timing Analyzer      ; DESKTOP-5JR7JCQ  ; Windows 10 ; 10.0       ; x86_64         ;
; EDA Netlist Writer   ; DESKTOP-5JR7JCQ  ; Windows 10 ; 10.0       ; x86_64         ;
+----------------------+------------------+------------+------------+----------------+


------------
; Flow Log ;
------------
quartus_map --read_settings_files=on --write_settings_files=off pong_vga -c pong_vga
quartus_fit --read_settings_files=off --write_settings_files=off pong_vga -c pong_vga
quartus_asm --read_settings_files=off --write_settings_files=off pong_vga -c pong_vga
quartus_sta pong_vga -c pong_vga
quartus_eda --read_settings_files=off --write_settings_files=off pong_vga -c pong_vga



